<?xml version="1.0" encoding="UTF-8"?>
<!-- Generated by org.testng.reporters.JUnitReportReporter -->
<testsuite skipped="0" hostname="DESKTOP-CMKA471" name="Tests.GoogleSearchTest_0" tests="1" failures="0" timestamp="25 Feb 2019 19:06:36 GMT" time="3.010" errors="0">
  <testcase name="googleSearchTest" time="3.010" classname="Tests.GoogleSearchTest_0"/>
</testsuite> <!-- Tests.GoogleSearchTest_0 -->
