<?xml version="1.0" encoding="UTF-8"?>
<!-- Generated by org.testng.reporters.JUnitReportReporter -->
<testsuite skipped="0" hostname="DESKTOP-stas" name="Selenium_java_mavenExamples.Implicit_Explicit_Waits" tests="1" failures="0" timestamp="31 Mar 2019 07:31:37 GMT" time="3.831" errors="0">
  <testcase name="googleSearchTest" time="3.831" classname="Selenium_java_mavenExamples.Implicit_Explicit_Waits"/>
</testsuite> <!-- Selenium_java_mavenExamples.Implicit_Explicit_Waits -->
