<?xml version="1.0" encoding="UTF-8"?>
<!-- Generated by org.testng.reporters.JUnitReportReporter -->
<testsuite skipped="0" hostname="DESKTOP-CMKA471" name="Selenium_java_mavenExamples.TestNGdependencyDemo" tests="2" failures="0" timestamp="24 Feb 2019 18:32:37 GMT" time="0.049" errors="0">
  <testcase name="test_1" time="0.005" classname="Selenium_java_mavenExamples.TestNGdependencyDemo"/>
  <testcase name="test_2" time="0.044" classname="Selenium_java_mavenExamples.TestNGdependencyDemo"/>
</testsuite> <!-- Selenium_java_mavenExamples.TestNGdependencyDemo -->
