<?xml version="1.0" encoding="UTF-8"?>
<!-- Generated by org.testng.reporters.JUnitReportReporter -->
<testsuite skipped="0" hostname="DESKTOP-CMKA471" name="Selenium_java_mavenExamples.TestNGparametersDemo" tests="1" failures="0" timestamp="24 Feb 2019 18:21:13 GMT" time="0.017" errors="0">
  <testcase name="test" time="0.017" classname="Selenium_java_mavenExamples.TestNGparametersDemo"/>
</testsuite> <!-- Selenium_java_mavenExamples.TestNGparametersDemo -->
