<?xml version="1.0" encoding="UTF-8"?>
<!-- Generated by org.testng.reporters.JUnitReportReporter -->
<testsuite skipped="0" hostname="DESKTOP-CMKA471" name="Selenium_java_mavenExamples.TestNG_priorety_Demo" tests="3" failures="0" timestamp="21 Feb 2019 12:18:53 GMT" time="0.119" errors="0">
  <testcase name="test_2" time="0.112" classname="Selenium_java_mavenExamples.TestNG_priorety_Demo"/>
  <testcase name="test_3" time="0.005" classname="Selenium_java_mavenExamples.TestNG_priorety_Demo"/>
  <testcase name="test_1" time="0.002" classname="Selenium_java_mavenExamples.TestNG_priorety_Demo"/>
</testsuite> <!-- Selenium_java_mavenExamples.TestNG_priorety_Demo -->
