<?xml version="1.0" encoding="UTF-8"?>
<!-- Generated by org.testng.reporters.JUnitReportReporter -->
<testsuite skipped="0" hostname="DESKTOP-CMKA471" name="Selenium_java_mavenExamples.TestNGMultiBrowserDemo" tests="3" failures="0" timestamp="24 Feb 2019 17:38:00 GMT" time="21.275" errors="0">
  <testcase name="test_1" time="7.197" classname="Selenium_java_mavenExamples.TestNGMultiBrowserDemo"/>
  <testcase name="test_1" time="6.798" classname="Selenium_java_mavenExamples.TestNGMultiBrowserDemo"/>
  <testcase name="test_1" time="7.280" classname="Selenium_java_mavenExamples.TestNGMultiBrowserDemo"/>
</testsuite> <!-- Selenium_java_mavenExamples.TestNGMultiBrowserDemo -->
