<?xml version="1.0" encoding="UTF-8"?>
<!-- Generated by org.testng.reporters.JUnitReportReporter -->
<testsuite skipped="0" hostname="DESKTOP-CMKA471" name="tes_link_test.GoogleSearchTest" tests="1" failures="0" timestamp="25 Feb 2019 19:56:01 GMT" time="2.449" errors="0">
  <testcase name="google_search_test" time="2.449" classname="tes_link_test.GoogleSearchTest"/>
</testsuite> <!-- tes_link_test.GoogleSearchTest -->
