<?xml version="1.0" encoding="UTF-8"?>
<!-- Generated by org.testng.reporters.JUnitReportReporter -->
<testsuite skipped="1" hostname="DESKTOP-CMKA471" name="listenersTestNG.TestNG_test_demo_1" tests="3" failures="0" timestamp="21 Feb 2019 12:09:11 GMT" time="0.026" errors="0">
  <testcase name="test_6" time="0.010" classname="listenersTestNG.TestNG_test_demo_1">
    <skipped/>
  </testcase> <!-- test_6 -->
  <testcase name="test_4" time="0.012" classname="listenersTestNG.TestNG_test_demo_1"/>
  <testcase name="test_5" time="0.004" classname="listenersTestNG.TestNG_test_demo_1"/>
</testsuite> <!-- listenersTestNG.TestNG_test_demo_1 -->
