<?xml version="1.0" encoding="UTF-8"?>
<!-- Generated by org.testng.reporters.JUnitReportReporter -->
<testsuite skipped="0" hostname="DESKTOP-CMKA471" name="Selenium_java_mavenExamples.TestNGgroupsDemo" tests="4" failures="0" timestamp="24 Feb 2019 18:11:39 GMT" time="0.029" errors="0">
  <testcase name="test_1" time="0.015" classname="Selenium_java_mavenExamples.TestNGgroupsDemo"/>
  <testcase name="test_2" time="0.006" classname="Selenium_java_mavenExamples.TestNGgroupsDemo"/>
  <testcase name="test_3" time="0.004" classname="Selenium_java_mavenExamples.TestNGgroupsDemo"/>
  <testcase name="test_4" time="0.004" classname="Selenium_java_mavenExamples.TestNGgroupsDemo"/>
</testsuite> <!-- Selenium_java_mavenExamples.TestNGgroupsDemo -->
