<?xml version="1.0" encoding="UTF-8"?>
<!-- Generated by org.testng.reporters.JUnitReportReporter -->
<testsuite skipped="1" hostname="DESKTOP-CMKA471" name="Selenium_java_mavenExamples.TestNGignorDemo" tests="3" failures="0" timestamp="24 Feb 2019 18:41:47 GMT" time="0.042" errors="0">
  <testcase name="test_3" time="0.013" classname="Selenium_java_mavenExamples.TestNGignorDemo"/>
  <testcase name="test_2" time="0.029" classname="Selenium_java_mavenExamples.TestNGignorDemo"/>
  <testcase name="test_1" classname="Selenium_java_mavenExamples.TestNGignorDemo">
    <skipped/>
  </testcase> <!-- test_1 -->
</testsuite> <!-- Selenium_java_mavenExamples.TestNGignorDemo -->
